<?xml version="1.0" encoding="UTF-8"?>
<testsuite xmlns:xsi="http://www.w3.org/2001/XMLSchema-instance" xsi:noNamespaceSchemaLocation="https://maven.apache.org/surefire/maven-surefire-plugin/xsd/surefire-test-report-3.0.xsd" version="3.0" name="com.cybertek.runners.CukesRunner" time="240.043" tests="15" errors="0" skipped="0" failures="0">
  <properties>
    <property name="sun.desktop" value="windows"/>
    <property name="awt.toolkit" value="sun.awt.windows.WToolkit"/>
    <property name="file.encoding.pkg" value="sun.io"/>
    <property name="java.specification.version" value="1.8"/>
    <property name="sun.cpu.isalist" value="amd64"/>
    <property name="sun.jnu.encoding" value="Cp1252"/>
    <property name="java.class.path" value="C:\Users\47agi\IdeaProjects\Library\target\test-classes;C:\Users\47agi\IdeaProjects\Library\target\classes;C:\Users\47agi\.m2\repository\org\seleniumhq\selenium\selenium-java\3.141.59\selenium-java-3.141.59.jar;C:\Users\47agi\.m2\repository\org\seleniumhq\selenium\selenium-api\3.141.59\selenium-api-3.141.59.jar;C:\Users\47agi\.m2\repository\org\seleniumhq\selenium\selenium-chrome-driver\3.141.59\selenium-chrome-driver-3.141.59.jar;C:\Users\47agi\.m2\repository\org\seleniumhq\selenium\selenium-edge-driver\3.141.59\selenium-edge-driver-3.141.59.jar;C:\Users\47agi\.m2\repository\org\seleniumhq\selenium\selenium-firefox-driver\3.141.59\selenium-firefox-driver-3.141.59.jar;C:\Users\47agi\.m2\repository\org\seleniumhq\selenium\selenium-ie-driver\3.141.59\selenium-ie-driver-3.141.59.jar;C:\Users\47agi\.m2\repository\org\seleniumhq\selenium\selenium-opera-driver\3.141.59\selenium-opera-driver-3.141.59.jar;C:\Users\47agi\.m2\repository\org\seleniumhq\selenium\selenium-remote-driver\3.141.59\selenium-remote-driver-3.141.59.jar;C:\Users\47agi\.m2\repository\org\seleniumhq\selenium\selenium-safari-driver\3.141.59\selenium-safari-driver-3.141.59.jar;C:\Users\47agi\.m2\repository\org\seleniumhq\selenium\selenium-support\3.141.59\selenium-support-3.141.59.jar;C:\Users\47agi\.m2\repository\net\bytebuddy\byte-buddy\1.8.15\byte-buddy-1.8.15.jar;C:\Users\47agi\.m2\repository\org\apache\commons\commons-exec\1.3\commons-exec-1.3.jar;C:\Users\47agi\.m2\repository\com\google\guava\guava\25.0-jre\guava-25.0-jre.jar;C:\Users\47agi\.m2\repository\com\google\code\findbugs\jsr305\1.3.9\jsr305-1.3.9.jar;C:\Users\47agi\.m2\repository\org\checkerframework\checker-compat-qual\2.0.0\checker-compat-qual-2.0.0.jar;C:\Users\47agi\.m2\repository\com\google\errorprone\error_prone_annotations\2.1.3\error_prone_annotations-2.1.3.jar;C:\Users\47agi\.m2\repository\com\google\j2objc\j2objc-annotations\1.1\j2objc-annotations-1.1.jar;C:\Users\47agi\.m2\repository\org\codehaus\mojo\animal-sniffer-annotations\1.14\animal-sniffer-annotations-1.14.jar;C:\Users\47agi\.m2\repository\com\squareup\okhttp3\okhttp\3.11.0\okhttp-3.11.0.jar;C:\Users\47agi\.m2\repository\com\squareup\okio\okio\1.14.0\okio-1.14.0.jar;C:\Users\47agi\.m2\repository\io\github\bonigarcia\webdrivermanager\4.2.2\webdrivermanager-4.2.2.jar;C:\Users\47agi\.m2\repository\org\slf4j\slf4j-api\1.7.30\slf4j-api-1.7.30.jar;C:\Users\47agi\.m2\repository\commons-io\commons-io\2.8.0\commons-io-2.8.0.jar;C:\Users\47agi\.m2\repository\com\google\code\gson\gson\2.8.6\gson-2.8.6.jar;C:\Users\47agi\.m2\repository\org\apache\commons\commons-lang3\3.11\commons-lang3-3.11.jar;C:\Users\47agi\.m2\repository\org\apache\httpcomponents\client5\httpclient5\5.0.1\httpclient5-5.0.1.jar;C:\Users\47agi\.m2\repository\org\apache\httpcomponents\core5\httpcore5\5.0.1\httpcore5-5.0.1.jar;C:\Users\47agi\.m2\repository\org\apache\httpcomponents\core5\httpcore5-h2\5.0.1\httpcore5-h2-5.0.1.jar;C:\Users\47agi\.m2\repository\commons-codec\commons-codec\1.13\commons-codec-1.13.jar;C:\Users\47agi\.m2\repository\org\rauschig\jarchivelib\1.1.0\jarchivelib-1.1.0.jar;C:\Users\47agi\.m2\repository\org\apache\commons\commons-compress\1.20\commons-compress-1.20.jar;C:\Users\47agi\.m2\repository\org\jsoup\jsoup\1.13.1\jsoup-1.13.1.jar;C:\Users\47agi\.m2\repository\io\cucumber\cucumber-java\6.8.1\cucumber-java-6.8.1.jar;C:\Users\47agi\.m2\repository\io\cucumber\cucumber-core\6.8.1\cucumber-core-6.8.1.jar;C:\Users\47agi\.m2\repository\io\cucumber\cucumber-gherkin\6.8.1\cucumber-gherkin-6.8.1.jar;C:\Users\47agi\.m2\repository\io\cucumber\cucumber-gherkin-messages\6.8.1\cucumber-gherkin-messages-6.8.1.jar;C:\Users\47agi\.m2\repository\io\cucumber\messages\13.1.0\messages-13.1.0.jar;C:\Users\47agi\.m2\repository\io\cucumber\tag-expressions\3.0.0\tag-expressions-3.0.0.jar;C:\Users\47agi\.m2\repository\io\cucumber\cucumber-expressions\10.3.0\cucumber-expressions-10.3.0.jar;C:\Users\47agi\.m2\repository\io\cucumber\datatable\3.5.0\datatable-3.5.0.jar;C:\Users\47agi\.m2\repository\io\cucumber\cucumber-plugin\6.8.1\cucumber-plugin-6.8.1.jar;C:\Users\47agi\.m2\repository\io\cucumber\docstring\6.8.1\docstring-6.8.1.jar;C:\Users\47agi\.m2\repository\io\cucumber\html-formatter\9.0.0\html-formatter-9.0.0.jar;C:\Users\47agi\.m2\repository\io\cucumber\create-meta\2.0.2\create-meta-2.0.2.jar;C:\Users\47agi\.m2\repository\org\apiguardian\apiguardian-api\1.1.0\apiguardian-api-1.1.0.jar;C:\Users\47agi\.m2\repository\io\cucumber\cucumber-junit\6.8.1\cucumber-junit-6.8.1.jar;C:\Users\47agi\.m2\repository\junit\junit\4.13\junit-4.13.jar;C:\Users\47agi\.m2\repository\org\hamcrest\hamcrest-core\1.3\hamcrest-core-1.3.jar;C:\Users\47agi\.m2\repository\com\github\javafaker\javafaker\1.0.2\javafaker-1.0.2.jar;C:\Users\47agi\.m2\repository\org\yaml\snakeyaml\1.23\snakeyaml-1.23-android.jar;C:\Users\47agi\.m2\repository\com\github\mifmif\generex\1.0.2\generex-1.0.2.jar;C:\Users\47agi\.m2\repository\dk\brics\automaton\automaton\1.11-8\automaton-1.11-8.jar;"/>
    <property name="java.vm.vendor" value="Oracle Corporation"/>
    <property name="sun.arch.data.model" value="64"/>
    <property name="user.variant" value=""/>
    <property name="java.vendor.url" value="http://java.oracle.com/"/>
    <property name="user.timezone" value="America/Los_Angeles"/>
    <property name="java.vm.specification.version" value="1.8"/>
    <property name="os.name" value="Windows 10"/>
    <property name="user.country" value="US"/>
    <property name="sun.java.launcher" value="SUN_STANDARD"/>
    <property name="sun.boot.library.path" value="C:\Program Files\Java\jdk1.8.0_231\jre\bin"/>
    <property name="sun.java.command" value="C:\Users\47agi\AppData\Local\Temp\surefire5146839705216626448\surefirebooter1102439907934415407.jar C:\Users\47agi\AppData\Local\Temp\surefire5146839705216626448 2020-11-09T21-57-55_518-jvmRun1 surefire8360578177562264921tmp surefire_03912672045838001598tmp"/>
    <property name="surefire.test.class.path" value="C:\Users\47agi\IdeaProjects\Library\target\test-classes;C:\Users\47agi\IdeaProjects\Library\target\classes;C:\Users\47agi\.m2\repository\org\seleniumhq\selenium\selenium-java\3.141.59\selenium-java-3.141.59.jar;C:\Users\47agi\.m2\repository\org\seleniumhq\selenium\selenium-api\3.141.59\selenium-api-3.141.59.jar;C:\Users\47agi\.m2\repository\org\seleniumhq\selenium\selenium-chrome-driver\3.141.59\selenium-chrome-driver-3.141.59.jar;C:\Users\47agi\.m2\repository\org\seleniumhq\selenium\selenium-edge-driver\3.141.59\selenium-edge-driver-3.141.59.jar;C:\Users\47agi\.m2\repository\org\seleniumhq\selenium\selenium-firefox-driver\3.141.59\selenium-firefox-driver-3.141.59.jar;C:\Users\47agi\.m2\repository\org\seleniumhq\selenium\selenium-ie-driver\3.141.59\selenium-ie-driver-3.141.59.jar;C:\Users\47agi\.m2\repository\org\seleniumhq\selenium\selenium-opera-driver\3.141.59\selenium-opera-driver-3.141.59.jar;C:\Users\47agi\.m2\repository\org\seleniumhq\selenium\selenium-remote-driver\3.141.59\selenium-remote-driver-3.141.59.jar;C:\Users\47agi\.m2\repository\org\seleniumhq\selenium\selenium-safari-driver\3.141.59\selenium-safari-driver-3.141.59.jar;C:\Users\47agi\.m2\repository\org\seleniumhq\selenium\selenium-support\3.141.59\selenium-support-3.141.59.jar;C:\Users\47agi\.m2\repository\net\bytebuddy\byte-buddy\1.8.15\byte-buddy-1.8.15.jar;C:\Users\47agi\.m2\repository\org\apache\commons\commons-exec\1.3\commons-exec-1.3.jar;C:\Users\47agi\.m2\repository\com\google\guava\guava\25.0-jre\guava-25.0-jre.jar;C:\Users\47agi\.m2\repository\com\google\code\findbugs\jsr305\1.3.9\jsr305-1.3.9.jar;C:\Users\47agi\.m2\repository\org\checkerframework\checker-compat-qual\2.0.0\checker-compat-qual-2.0.0.jar;C:\Users\47agi\.m2\repository\com\google\errorprone\error_prone_annotations\2.1.3\error_prone_annotations-2.1.3.jar;C:\Users\47agi\.m2\repository\com\google\j2objc\j2objc-annotations\1.1\j2objc-annotations-1.1.jar;C:\Users\47agi\.m2\repository\org\codehaus\mojo\animal-sniffer-annotations\1.14\animal-sniffer-annotations-1.14.jar;C:\Users\47agi\.m2\repository\com\squareup\okhttp3\okhttp\3.11.0\okhttp-3.11.0.jar;C:\Users\47agi\.m2\repository\com\squareup\okio\okio\1.14.0\okio-1.14.0.jar;C:\Users\47agi\.m2\repository\io\github\bonigarcia\webdrivermanager\4.2.2\webdrivermanager-4.2.2.jar;C:\Users\47agi\.m2\repository\org\slf4j\slf4j-api\1.7.30\slf4j-api-1.7.30.jar;C:\Users\47agi\.m2\repository\commons-io\commons-io\2.8.0\commons-io-2.8.0.jar;C:\Users\47agi\.m2\repository\com\google\code\gson\gson\2.8.6\gson-2.8.6.jar;C:\Users\47agi\.m2\repository\org\apache\commons\commons-lang3\3.11\commons-lang3-3.11.jar;C:\Users\47agi\.m2\repository\org\apache\httpcomponents\client5\httpclient5\5.0.1\httpclient5-5.0.1.jar;C:\Users\47agi\.m2\repository\org\apache\httpcomponents\core5\httpcore5\5.0.1\httpcore5-5.0.1.jar;C:\Users\47agi\.m2\repository\org\apache\httpcomponents\core5\httpcore5-h2\5.0.1\httpcore5-h2-5.0.1.jar;C:\Users\47agi\.m2\repository\commons-codec\commons-codec\1.13\commons-codec-1.13.jar;C:\Users\47agi\.m2\repository\org\rauschig\jarchivelib\1.1.0\jarchivelib-1.1.0.jar;C:\Users\47agi\.m2\repository\org\apache\commons\commons-compress\1.20\commons-compress-1.20.jar;C:\Users\47agi\.m2\repository\org\jsoup\jsoup\1.13.1\jsoup-1.13.1.jar;C:\Users\47agi\.m2\repository\io\cucumber\cucumber-java\6.8.1\cucumber-java-6.8.1.jar;C:\Users\47agi\.m2\repository\io\cucumber\cucumber-core\6.8.1\cucumber-core-6.8.1.jar;C:\Users\47agi\.m2\repository\io\cucumber\cucumber-gherkin\6.8.1\cucumber-gherkin-6.8.1.jar;C:\Users\47agi\.m2\repository\io\cucumber\cucumber-gherkin-messages\6.8.1\cucumber-gherkin-messages-6.8.1.jar;C:\Users\47agi\.m2\repository\io\cucumber\messages\13.1.0\messages-13.1.0.jar;C:\Users\47agi\.m2\repository\io\cucumber\tag-expressions\3.0.0\tag-expressions-3.0.0.jar;C:\Users\47agi\.m2\repository\io\cucumber\cucumber-expressions\10.3.0\cucumber-expressions-10.3.0.jar;C:\Users\47agi\.m2\repository\io\cucumber\datatable\3.5.0\datatable-3.5.0.jar;C:\Users\47agi\.m2\repository\io\cucumber\cucumber-plugin\6.8.1\cucumber-plugin-6.8.1.jar;C:\Users\47agi\.m2\repository\io\cucumber\docstring\6.8.1\docstring-6.8.1.jar;C:\Users\47agi\.m2\repository\io\cucumber\html-formatter\9.0.0\html-formatter-9.0.0.jar;C:\Users\47agi\.m2\repository\io\cucumber\create-meta\2.0.2\create-meta-2.0.2.jar;C:\Users\47agi\.m2\repository\org\apiguardian\apiguardian-api\1.1.0\apiguardian-api-1.1.0.jar;C:\Users\47agi\.m2\repository\io\cucumber\cucumber-junit\6.8.1\cucumber-junit-6.8.1.jar;C:\Users\47agi\.m2\repository\junit\junit\4.13\junit-4.13.jar;C:\Users\47agi\.m2\repository\org\hamcrest\hamcrest-core\1.3\hamcrest-core-1.3.jar;C:\Users\47agi\.m2\repository\com\github\javafaker\javafaker\1.0.2\javafaker-1.0.2.jar;C:\Users\47agi\.m2\repository\org\yaml\snakeyaml\1.23\snakeyaml-1.23-android.jar;C:\Users\47agi\.m2\repository\com\github\mifmif\generex\1.0.2\generex-1.0.2.jar;C:\Users\47agi\.m2\repository\dk\brics\automaton\automaton\1.11-8\automaton-1.11-8.jar;"/>
    <property name="sun.cpu.endian" value="little"/>
    <property name="user.home" value="C:\Users\47agi"/>
    <property name="user.language" value="en"/>
    <property name="java.specification.vendor" value="Oracle Corporation"/>
    <property name="java.home" value="C:\Program Files\Java\jdk1.8.0_231\jre"/>
    <property name="basedir" value="C:\Users\47agi\IdeaProjects\Library"/>
    <property name="file.separator" value="\"/>
    <property name="line.separator" value="&#10;"/>
    <property name="java.vm.specification.vendor" value="Oracle Corporation"/>
    <property name="java.specification.name" value="Java Platform API Specification"/>
    <property name="java.awt.graphicsenv" value="sun.awt.Win32GraphicsEnvironment"/>
    <property name="surefire.real.class.path" value="C:\Users\47agi\AppData\Local\Temp\surefire5146839705216626448\surefirebooter1102439907934415407.jar"/>
    <property name="sun.boot.class.path" value="C:\Program Files\Java\jdk1.8.0_231\jre\lib\resources.jar;C:\Program Files\Java\jdk1.8.0_231\jre\lib\rt.jar;C:\Program Files\Java\jdk1.8.0_231\jre\lib\sunrsasign.jar;C:\Program Files\Java\jdk1.8.0_231\jre\lib\jsse.jar;C:\Program Files\Java\jdk1.8.0_231\jre\lib\jce.jar;C:\Program Files\Java\jdk1.8.0_231\jre\lib\charsets.jar;C:\Program Files\Java\jdk1.8.0_231\jre\lib\jfr.jar;C:\Program Files\Java\jdk1.8.0_231\jre\classes"/>
    <property name="user.script" value=""/>
    <property name="sun.management.compiler" value="HotSpot 64-Bit Tiered Compilers"/>
    <property name="java.runtime.version" value="1.8.0_231-b11"/>
    <property name="user.name" value="47agi"/>
    <property name="path.separator" value=";"/>
    <property name="os.version" value="10.0"/>
    <property name="java.endorsed.dirs" value="C:\Program Files\Java\jdk1.8.0_231\jre\lib\endorsed"/>
    <property name="java.runtime.name" value="Java(TM) SE Runtime Environment"/>
    <property name="file.encoding" value="Cp1252"/>
    <property name="java.vm.name" value="Java HotSpot(TM) 64-Bit Server VM"/>
    <property name="localRepository" value="C:\Users\47agi\.m2\repository"/>
    <property name="java.vendor.url.bug" value="http://bugreport.sun.com/bugreport/"/>
    <property name="java.io.tmpdir" value="C:\Users\47agi\AppData\Local\Temp\"/>
    <property name="idea.version" value="2020.2.3"/>
    <property name="java.version" value="1.8.0_231"/>
    <property name="user.dir" value="C:\Users\47agi\IdeaProjects\Library"/>
    <property name="os.arch" value="amd64"/>
    <property name="java.vm.specification.name" value="Java Virtual Machine Specification"/>
    <property name="java.awt.printerjob" value="sun.awt.windows.WPrinterJob"/>
    <property name="sun.os.patch.level" value=""/>
    <property name="java.library.path" value="C:\Program Files\Java\jdk1.8.0_231\jre\bin;C:\WINDOWS\Sun\Java\bin;C:\WINDOWS\system32;C:\WINDOWS;C:\ProgramData\Microsoft\Windows\Start Menu\Programs\Node.js;C:\Program Files\nodejs\;%SystemRoot%\system32;%SystemRoot%;%SystemRoot%\System32\Wbem;%SYSTEMROOT%\System32\WindowsPowerShell\v1.0\;%SYSTEMROOT%\System32\OpenSSH\;C:\ProgramData\Microsoft\Windows\Start Menu\Programs\Node.js;C:\Users\47agi\AppData\Roaming\npm;C:\Users\47agi\AppData\Local\atom\bin;c:\Program Files\Git\bin;;%USERPROFILE%\AppData\Local\Microsoft\WindowsApps;."/>
    <property name="java.vm.info" value="mixed mode"/>
    <property name="java.vendor" value="Oracle Corporation"/>
    <property name="java.vm.version" value="25.231-b11"/>
    <property name="java.ext.dirs" value="C:\Program Files\Java\jdk1.8.0_231\jre\lib\ext;C:\WINDOWS\Sun\Java\lib\ext"/>
    <property name="sun.io.unicode.encoding" value="UnicodeLittle"/>
    <property name="java.class.version" value="52.0"/>
  </properties>
  <testcase name="Add a new book as a Librarian" classname="Librarin should be able to login with valid credentials" time="25.539">
    <system-out><![CDATA[::: Starting Automation:::
Entering text: librarian47@library
Entering text: rJEIrUIt
Entering text: Leylan
Entering text: 1111
Entering text: 2020
Entering text: Selahattin Demirtas
Entering text: Freedom for Selo Baskan
:::(^_^) End of test execution (*_*):::
]]></system-out>
    <system-err><![CDATA[SLF4J: Failed to load class "org.slf4j.impl.StaticLoggerBinder".
SLF4J: Defaulting to no-operation (NOP) logger implementation
SLF4J: See http://www.slf4j.org/codes.html#StaticLoggerBinder for further details.
Starting ChromeDriver 86.0.4240.22 (398b0743353ff36fb1b82468f63a3a93b4e2e89e-refs/branch-heads/4240@{#378}) on port 33088
Only local connections are allowed.
Please see https://chromedriver.chromium.org/security-considerations for suggestions on keeping ChromeDriver safe.
ChromeDriver was started successfully.
Nov 09, 2020 9:58:05 PM org.openqa.selenium.remote.ProtocolHandshake createSession
INFO: Detected dialect: W3C
]]></system-err>
  </testcase>
  <testcase name="Edit a book as a Librarian" classname="Librarin should be able to login with valid credentials" time="21.439">
    <system-out><![CDATA[::: Starting Automation:::
Entering text: librarian47@library
Entering text: rJEIrUIt
Entering text: Siya Evînê Shadow of Love
Entering text: 0001
Entering text: 1989
Entering text: Mehmed Uzun
Entering text: Live for love
:::(^_^) End of test execution (*_*):::
]]></system-out>
    <system-err><![CDATA[Starting ChromeDriver 86.0.4240.22 (398b0743353ff36fb1b82468f63a3a93b4e2e89e-refs/branch-heads/4240@{#378}) on port 36484
Only local connections are allowed.
Please see https://chromedriver.chromium.org/security-considerations for suggestions on keeping ChromeDriver safe.
ChromeDriver was started successfully.
Nov 09, 2020 9:58:28 PM org.openqa.selenium.remote.ProtocolHandshake createSession
INFO: Detected dialect: W3C
]]></system-err>
  </testcase>
  <testcase name="Librarian should be able to edit user with a new user" classname="Edit User" time="18.25">
    <system-out><![CDATA[::: Starting Automation:::
Entering text: librarian47@library
Entering text: rJEIrUIt
Entering text: Agit AY
Entering text: 12345
Entering text: aa@gmail.com
Entering text: Los Angeles
:::(^_^) End of test execution (*_*):::
]]></system-out>
    <system-err><![CDATA[Starting ChromeDriver 86.0.4240.22 (398b0743353ff36fb1b82468f63a3a93b4e2e89e-refs/branch-heads/4240@{#378}) on port 30010
Only local connections are allowed.
Please see https://chromedriver.chromium.org/security-considerations for suggestions on keeping ChromeDriver safe.
ChromeDriver was started successfully.
Nov 09, 2020 9:58:50 PM org.openqa.selenium.remote.ProtocolHandshake createSession
INFO: Detected dialect: W3C
]]></system-err>
  </testcase>
  <testcase name="Add a new Librarian" classname="Edit User" time="17.299">
    <system-out><![CDATA[::: Starting Automation:::
Entering text: librarian47@library
Entering text: rJEIrUIt
Entering text: Egid Merdini
Entering text: 474747
Entering text: kurdish@gmail.com
Entering text: Mardin
:::(^_^) End of test execution (*_*):::
]]></system-out>
    <system-err><![CDATA[Starting ChromeDriver 86.0.4240.22 (398b0743353ff36fb1b82468f63a3a93b4e2e89e-refs/branch-heads/4240@{#378}) on port 24644
Only local connections are allowed.
Please see https://chromedriver.chromium.org/security-considerations for suggestions on keeping ChromeDriver safe.
ChromeDriver was started successfully.
Nov 09, 2020 9:59:08 PM org.openqa.selenium.remote.ProtocolHandshake createSession
INFO: Detected dialect: W3C
]]></system-err>
  </testcase>
  <testcase name="Login as a librarian" classname="Login feature" time="13.904">
    <system-out><![CDATA[::: Starting Automation:::
Entering text: librarian47@library
Entering text: rJEIrUIt
:::(^_^) End of test execution (*_*):::
]]></system-out>
    <system-err><![CDATA[Starting ChromeDriver 86.0.4240.22 (398b0743353ff36fb1b82468f63a3a93b4e2e89e-refs/branch-heads/4240@{#378}) on port 33228
Only local connections are allowed.
Please see https://chromedriver.chromium.org/security-considerations for suggestions on keeping ChromeDriver safe.
ChromeDriver was started successfully.
Nov 09, 2020 9:59:25 PM org.openqa.selenium.remote.ProtocolHandshake createSession
INFO: Detected dialect: W3C
]]></system-err>
  </testcase>
  <testcase name="Login as a student" classname="Login feature" time="14.794">
    <system-out><![CDATA[::: Starting Automation:::
Entering text: student31@library
Entering text: yOPdSR0u
:::(^_^) End of test execution (*_*):::
]]></system-out>
    <system-err><![CDATA[Starting ChromeDriver 86.0.4240.22 (398b0743353ff36fb1b82468f63a3a93b4e2e89e-refs/branch-heads/4240@{#378}) on port 31661
Only local connections are allowed.
Please see https://chromedriver.chromium.org/security-considerations for suggestions on keeping ChromeDriver safe.
ChromeDriver was started successfully.
Nov 09, 2020 9:59:39 PM org.openqa.selenium.remote.ProtocolHandshake createSession
INFO: Detected dialect: W3C
]]></system-err>
  </testcase>
  <testcase name="Verify user information student27@library" classname="User account tests" time="13.483">
    <system-out><![CDATA[::: Starting Automation:::
Entering text: librarian47@library
Entering text: rJEIrUIt
:::(^_^) End of test execution (*_*):::
]]></system-out>
    <system-err><![CDATA[Starting ChromeDriver 86.0.4240.22 (398b0743353ff36fb1b82468f63a3a93b4e2e89e-refs/branch-heads/4240@{#378}) on port 30897
Only local connections are allowed.
Please see https://chromedriver.chromium.org/security-considerations for suggestions on keeping ChromeDriver safe.
ChromeDriver was started successfully.
Nov 09, 2020 9:59:54 PM org.openqa.selenium.remote.ProtocolHandshake createSession
INFO: Detected dialect: W3C
]]></system-err>
  </testcase>
  <testcase name="Verify user information student28@library" classname="User account tests" time="13.427">
    <system-out><![CDATA[::: Starting Automation:::
Entering text: librarian47@library
Entering text: rJEIrUIt
:::(^_^) End of test execution (*_*):::
]]></system-out>
    <system-err><![CDATA[Starting ChromeDriver 86.0.4240.22 (398b0743353ff36fb1b82468f63a3a93b4e2e89e-refs/branch-heads/4240@{#378}) on port 38163
Only local connections are allowed.
Please see https://chromedriver.chromium.org/security-considerations for suggestions on keeping ChromeDriver safe.
ChromeDriver was started successfully.
Nov 09, 2020 10:00:07 PM org.openqa.selenium.remote.ProtocolHandshake createSession
INFO: Detected dialect: W3C
]]></system-err>
  </testcase>
  <testcase name="Verify user information student29@library" classname="User account tests" time="13.39">
    <system-out><![CDATA[::: Starting Automation:::
Entering text: librarian47@library
Entering text: rJEIrUIt
:::(^_^) End of test execution (*_*):::
]]></system-out>
    <system-err><![CDATA[Starting ChromeDriver 86.0.4240.22 (398b0743353ff36fb1b82468f63a3a93b4e2e89e-refs/branch-heads/4240@{#378}) on port 23629
Only local connections are allowed.
Please see https://chromedriver.chromium.org/security-considerations for suggestions on keeping ChromeDriver safe.
ChromeDriver was started successfully.
Nov 09, 2020 10:00:21 PM org.openqa.selenium.remote.ProtocolHandshake createSession
INFO: Detected dialect: W3C
]]></system-err>
  </testcase>
  <testcase name="Verify user information student30@library" classname="User account tests" time="13.362">
    <system-out><![CDATA[::: Starting Automation:::
Entering text: librarian47@library
Entering text: rJEIrUIt
:::(^_^) End of test execution (*_*):::
]]></system-out>
    <system-err><![CDATA[Starting ChromeDriver 86.0.4240.22 (398b0743353ff36fb1b82468f63a3a93b4e2e89e-refs/branch-heads/4240@{#378}) on port 20556
Only local connections are allowed.
Please see https://chromedriver.chromium.org/security-considerations for suggestions on keeping ChromeDriver safe.
ChromeDriver was started successfully.
Nov 09, 2020 10:00:34 PM org.openqa.selenium.remote.ProtocolHandshake createSession
INFO: Detected dialect: W3C
]]></system-err>
  </testcase>
  <testcase name="Verify user information librarian13@library" classname="User account tests" time="13.488">
    <system-out><![CDATA[::: Starting Automation:::
Entering text: librarian47@library
Entering text: rJEIrUIt
:::(^_^) End of test execution (*_*):::
]]></system-out>
    <system-err><![CDATA[Starting ChromeDriver 86.0.4240.22 (398b0743353ff36fb1b82468f63a3a93b4e2e89e-refs/branch-heads/4240@{#378}) on port 6956
Only local connections are allowed.
Please see https://chromedriver.chromium.org/security-considerations for suggestions on keeping ChromeDriver safe.
ChromeDriver was started successfully.
Nov 09, 2020 10:00:47 PM org.openqa.selenium.remote.ProtocolHandshake createSession
INFO: Detected dialect: W3C
]]></system-err>
  </testcase>
  <testcase name="Verify user information librarian14@library" classname="User account tests" time="13.333">
    <system-out><![CDATA[::: Starting Automation:::
Entering text: librarian47@library
Entering text: rJEIrUIt
:::(^_^) End of test execution (*_*):::
]]></system-out>
    <system-err><![CDATA[Starting ChromeDriver 86.0.4240.22 (398b0743353ff36fb1b82468f63a3a93b4e2e89e-refs/branch-heads/4240@{#378}) on port 48355
Only local connections are allowed.
Please see https://chromedriver.chromium.org/security-considerations for suggestions on keeping ChromeDriver safe.
ChromeDriver was started successfully.
Nov 09, 2020 10:01:01 PM org.openqa.selenium.remote.ProtocolHandshake createSession
INFO: Detected dialect: W3C
]]></system-err>
  </testcase>
  <testcase name="Verify user information librarian15@library" classname="User account tests" time="13.894">
    <system-out><![CDATA[::: Starting Automation:::
Entering text: librarian47@library
Entering text: rJEIrUIt
:::(^_^) End of test execution (*_*):::
]]></system-out>
    <system-err><![CDATA[Starting ChromeDriver 86.0.4240.22 (398b0743353ff36fb1b82468f63a3a93b4e2e89e-refs/branch-heads/4240@{#378}) on port 42407
Only local connections are allowed.
Please see https://chromedriver.chromium.org/security-considerations for suggestions on keeping ChromeDriver safe.
ChromeDriver was started successfully.
Nov 09, 2020 10:01:14 PM org.openqa.selenium.remote.ProtocolHandshake createSession
INFO: Detected dialect: W3C
]]></system-err>
  </testcase>
  <testcase name="Verify user information librarian16@library" classname="User account tests" time="13.625">
    <system-out><![CDATA[::: Starting Automation:::
Entering text: librarian47@library
Entering text: rJEIrUIt
:::(^_^) End of test execution (*_*):::
]]></system-out>
    <system-err><![CDATA[Starting ChromeDriver 86.0.4240.22 (398b0743353ff36fb1b82468f63a3a93b4e2e89e-refs/branch-heads/4240@{#378}) on port 30302
Only local connections are allowed.
Please see https://chromedriver.chromium.org/security-considerations for suggestions on keeping ChromeDriver safe.
ChromeDriver was started successfully.
Nov 09, 2020 10:01:28 PM org.openqa.selenium.remote.ProtocolHandshake createSession
INFO: Detected dialect: W3C
]]></system-err>
  </testcase>
  <testcase name="Verify user information librarian17@library" classname="User account tests" time="15.61">
    <system-out><![CDATA[::: Starting Automation:::
Entering text: librarian47@library
Entering text: rJEIrUIt
:::(^_^) End of test execution (*_*):::
]]></system-out>
    <system-err><![CDATA[Starting ChromeDriver 86.0.4240.22 (398b0743353ff36fb1b82468f63a3a93b4e2e89e-refs/branch-heads/4240@{#378}) on port 7719
Only local connections are allowed.
Please see https://chromedriver.chromium.org/security-considerations for suggestions on keeping ChromeDriver safe.
ChromeDriver was started successfully.
Nov 09, 2020 10:01:42 PM org.openqa.selenium.remote.ProtocolHandshake createSession
INFO: Detected dialect: W3C
]]></system-err>
  </testcase>
</testsuite>